14:38:41 **** Build of configuration Release for project gisVbo ****
"C:\\dev\\glist\\zbin\\win64\\mingw64\\bin\\mingw32-make.exe" all 
C:\dev\glist\zbin\win64\CMake\bin\cmake.exe -SC:\dev\glist\glistengine\samples\gisVbo -BC:\dev\glist\glistengine\samples\gisVbo\build\Release --check-build-system CMakeFiles\Makefile.cmake 0
C:\dev\glist\zbin\win64\CMake\bin\cmake.exe -E cmake_progress_start C:\dev\glist\glistengine\samples\gisVbo\build\Release\CMakeFiles C:\dev\glist\glistengine\samples\gisVbo\build\Release\\CMakeFiles\progress.marks
C:/dev/glist/zbin/win64/mingw64/bin/mingw32-make  -f CMakeFiles\Makefile2 all
mingw32-make[1]: Entering directory 'C:/dev/glist/glistengine/samples/gisVbo/build/Release'
C:/dev/glist/zbin/win64/mingw64/bin/mingw32-make  -f CMakeFiles\GlistEngine.dir\build.make CMakeFiles/GlistEngine.dir/depend
mingw32-make[2]: Entering directory 'C:/dev/glist/glistengine/samples/gisVbo/build/Release'
C:\dev\glist\zbin\win64\CMake\bin\cmake.exe -E cmake_depends "MinGW Makefiles" C:\dev\glist\glistengine\samples\gisVbo C:\dev\glist\glistengine\samples\gisVbo C:\dev\glist\glistengine\samples\gisVbo\build\Release C:\dev\glist\glistengine\samples\gisVbo\build\Release C:\dev\glist\glistengine\samples\gisVbo\build\Release\CMakeFiles\GlistEngine.dir\DependInfo.cmake --color=
Scanning dependencies of target GlistEngine
mingw32-make[2]: Leaving directory 'C:/dev/glist/glistengine/samples/gisVbo/build/Release'
C:/dev/glist/zbin/win64/mingw64/bin/mingw32-make  -f CMakeFiles\GlistEngine.dir\build.make CMakeFiles/GlistEngine.dir/build
mingw32-make[2]: Entering directory 'C:/dev/glist/glistengine/samples/gisVbo/build/Release'
C:\dev\glist\zbin\win64\mingw64\bin\g++.exe -DGlistEngine_EXPORTS @CMakeFiles/GlistEngine.dir/includes_CXX.rsp  -o CMakeFiles\GlistEngine.dir\C_\dev\glist\glistengine\engine\core\backward.cpp.obj -c C:\dev\glist\glistengine\engine\core\backward.cpp
C:\dev\glist\zbin\win64\mingw64\bin\g++.exe -DGlistEngine_EXPORTS @CMakeFiles/GlistEngine.dir/includes_CXX.rsp  -o CMakeFiles\GlistEngine.dir\C_\dev\glist\glistengine\engine\types\gColor.cpp.obj -c C:\dev\glist\glistengine\engine\types\gColor.cpp
C:\dev\glist\zbin\win64\mingw64\bin\g++.exe -DGlistEngine_EXPORTS @CMakeFiles/GlistEngine.dir/includes_CXX.rsp  -o CMakeFiles\GlistEngine.dir\C_\dev\glist\glistengine\engine\utils\gUtils.cpp.obj -c C:\dev\glist\glistengine\engine\utils\gUtils.cpp
C:\dev\glist\zbin\win64\mingw64\bin\g++.exe -DGlistEngine_EXPORTS @CMakeFiles/GlistEngine.dir/includes_CXX.rsp  -o CMakeFiles\GlistEngine.dir\C_\dev\glist\glistengine\engine\graphics\gShader.cpp.obj -c C:\dev\glist\glistengine\engine\graphics\gShader.cpp
C:\dev\glist\zbin\win64\mingw64\bin\g++.exe -DGlistEngine_EXPORTS @CMakeFiles/GlistEngine.dir/includes_CXX.rsp  -o CMakeFiles\GlistEngine.dir\C_\dev\glist\glistengine\engine\core\gObject.cpp.obj -c C:\dev\glist\glistengine\engine\core\gObject.cpp
C:\dev\glist\zbin\win64\mingw64\bin\g++.exe -DGlistEngine_EXPORTS @CMakeFiles/GlistEngine.dir/includes_CXX.rsp  -o CMakeFiles\GlistEngine.dir\C_\dev\glist\glistengine\engine\core\gRenderer.cpp.obj -c C:\dev\glist\glistengine\engine\core\gRenderer.cpp
C:\dev\glist\zbin\win64\mingw64\bin\g++.exe -DGlistEngine_EXPORTS @CMakeFiles/GlistEngine.dir/includes_CXX.rsp  -o CMakeFiles\GlistEngine.dir\C_\dev\glist\glistengine\engine\core\gRenderObject.cpp.obj -c C:\dev\glist\glistengine\engine\core\gRenderObject.cpp
C:\dev\glist\zbin\win64\mingw64\bin\g++.exe -DGlistEngine_EXPORTS @CMakeFiles/GlistEngine.dir/includes_CXX.rsp  -o CMakeFiles\GlistEngine.dir\C_\dev\glist\glistengine\engine\graphics\gTexture.cpp.obj -c C:\dev\glist\glistengine\engine\graphics\gTexture.cpp
C:\dev\glist\zbin\win64\mingw64\bin\g++.exe -DGlistEngine_EXPORTS @CMakeFiles/GlistEngine.dir/includes_CXX.rsp  -o CMakeFiles\GlistEngine.dir\C_\dev\glist\glistengine\engine\graphics\gImage.cpp.obj -c C:\dev\glist\glistengine\engine\graphics\gImage.cpp
C:\dev\glist\zbin\win64\mingw64\bin\g++.exe -DGlistEngine_EXPORTS @CMakeFiles/GlistEngine.dir/includes_CXX.rsp  -o CMakeFiles\GlistEngine.dir\C_\dev\glist\glistengine\engine\graphics\gNode.cpp.obj -c C:\dev\glist\glistengine\engine\graphics\gNode.cpp
C:\dev\glist\zbin\win64\mingw64\bin\g++.exe -DGlistEngine_EXPORTS @CMakeFiles/GlistEngine.dir/includes_CXX.rsp  -o CMakeFiles\GlistEngine.dir\C_\dev\glist\glistengine\engine\graphics\gLight.cpp.obj -c C:\dev\glist\glistengine\engine\graphics\gLight.cpp
C:\dev\glist\zbin\win64\mingw64\bin\g++.exe -DGlistEngine_EXPORTS @CMakeFiles/GlistEngine.dir/includes_CXX.rsp  -o CMakeFiles\GlistEngine.dir\C_\dev\glist\glistengine\engine\graphics\gCamera.cpp.obj -c C:\dev\glist\glistengine\engine\graphics\gCamera.cpp
C:\dev\glist\zbin\win64\mingw64\bin\g++.exe -DGlistEngine_EXPORTS @CMakeFiles/GlistEngine.dir/includes_CXX.rsp  -o CMakeFiles\GlistEngine.dir\C_\dev\glist\glistengine\engine\graphics\gFont.cpp.obj -c C:\dev\glist\glistengine\engine\graphics\gFont.cpp
C:\dev\glist\zbin\win64\mingw64\bin\g++.exe -DGlistEngine_EXPORTS @CMakeFiles/GlistEngine.dir/includes_CXX.rsp  -o CMakeFiles\GlistEngine.dir\C_\dev\glist\glistengine\engine\graphics\gMaterial.cpp.obj -c C:\dev\glist\glistengine\engine\graphics\gMaterial.cpp
C:\dev\glist\zbin\win64\mingw64\bin\g++.exe -DGlistEngine_EXPORTS @CMakeFiles/GlistEngine.dir/includes_CXX.rsp  -o CMakeFiles\GlistEngine.dir\C_\dev\glist\glistengine\engine\graphics\gMesh.cpp.obj -c C:\dev\glist\glistengine\engine\graphics\gMesh.cpp
C:\dev\glist\zbin\win64\mingw64\bin\g++.exe -DGlistEngine_EXPORTS @CMakeFiles/GlistEngine.dir/includes_CXX.rsp  -o CMakeFiles\GlistEngine.dir\C_\dev\glist\glistengine\engine\graphics\gSkinnedMesh.cpp.obj -c C:\dev\glist\glistengine\engine\graphics\gSkinnedMesh.cpp
C:\dev\glist\zbin\win64\mingw64\bin\g++.exe -DGlistEngine_EXPORTS @CMakeFiles/GlistEngine.dir/includes_CXX.rsp  -o CMakeFiles\GlistEngine.dir\C_\dev\glist\glistengine\engine\graphics\gModel.cpp.obj -c C:\dev\glist\glistengine\engine\graphics\gModel.cpp
C:\dev\glist\zbin\win64\mingw64\bin\g++.exe -DGlistEngine_EXPORTS @CMakeFiles/GlistEngine.dir/includes_CXX.rsp  -o CMakeFiles\GlistEngine.dir\C_\dev\glist\glistengine\engine\graphics\primitives\gPlane.cpp.obj -c C:\dev\glist\glistengine\engine\graphics\primitives\gPlane.cpp
C:\dev\glist\zbin\win64\mingw64\bin\g++.exe -DGlistEngine_EXPORTS @CMakeFiles/GlistEngine.dir/includes_CXX.rsp  -o CMakeFiles\GlistEngine.dir\C_\dev\glist\glistengine\engine\graphics\primitives\gBox.cpp.obj -c C:\dev\glist\glistengine\engine\graphics\primitives\gBox.cpp
C:\dev\glist\zbin\win64\mingw64\bin\g++.exe -DGlistEngine_EXPORTS @CMakeFiles/GlistEngine.dir/includes_CXX.rsp  -o CMakeFiles\GlistEngine.dir\C_\dev\glist\glistengine\engine\graphics\gVbo.cpp.obj -c C:\dev\glist\glistengine\engine\graphics\gVbo.cpp
C:\dev\glist\zbin\win64\mingw64\bin\g++.exe -DGlistEngine_EXPORTS @CMakeFiles/GlistEngine.dir/includes_CXX.rsp  -o CMakeFiles\GlistEngine.dir\C_\dev\glist\glistengine\engine\core\gAppObject.cpp.obj -c C:\dev\glist\glistengine\engine\core\gAppObject.cpp
C:\dev\glist\zbin\win64\mingw64\bin\g++.exe -DGlistEngine_EXPORTS @CMakeFiles/GlistEngine.dir/includes_CXX.rsp  -o CMakeFiles\GlistEngine.dir\C_\dev\glist\glistengine\engine\base\gBasePlugin.cpp.obj -c C:\dev\glist\glistengine\engine\base\gBasePlugin.cpp
C:\dev\glist\zbin\win64\mingw64\bin\g++.exe -DGlistEngine_EXPORTS @CMakeFiles/GlistEngine.dir/includes_CXX.rsp  -o CMakeFiles\GlistEngine.dir\C_\dev\glist\glistengine\engine\media\gBaseSound.cpp.obj -c C:\dev\glist\glistengine\engine\media\gBaseSound.cpp
C:\dev\glist\zbin\win64\mingw64\bin\g++.exe -DGlistEngine_EXPORTS @CMakeFiles/GlistEngine.dir/includes_CXX.rsp  -o CMakeFiles\GlistEngine.dir\C_\dev\glist\glistengine\engine\media\gFmodSound.cpp.obj -c C:\dev\glist\glistengine\engine\media\gFmodSound.cpp
C:\dev\glist\zbin\win64\mingw64\bin\g++.exe -DGlistEngine_EXPORTS @CMakeFiles/GlistEngine.dir/includes_CXX.rsp  -o CMakeFiles\GlistEngine.dir\C_\dev\glist\glistengine\engine\base\gBaseApp.cpp.obj -c C:\dev\glist\glistengine\engine\base\gBaseApp.cpp
C:\dev\glist\zbin\win64\mingw64\bin\g++.exe -DGlistEngine_EXPORTS @CMakeFiles/GlistEngine.dir/includes_CXX.rsp  -o CMakeFiles\GlistEngine.dir\C_\dev\glist\glistengine\engine\base\gBaseCanvas.cpp.obj -c C:\dev\glist\glistengine\engine\base\gBaseCanvas.cpp
C:\dev\glist\zbin\win64\mingw64\bin\g++.exe -DGlistEngine_EXPORTS @CMakeFiles/GlistEngine.dir/includes_CXX.rsp  -o CMakeFiles\GlistEngine.dir\C_\dev\glist\glistengine\engine\core\gBaseWindow.cpp.obj -c C:\dev\glist\glistengine\engine\core\gBaseWindow.cpp
C:\dev\glist\zbin\win64\mingw64\bin\g++.exe -DGlistEngine_EXPORTS @CMakeFiles/GlistEngine.dir/includes_CXX.rsp  -o CMakeFiles\GlistEngine.dir\C_\dev\glist\glistengine\engine\core\gGLFWWindow.cpp.obj -c C:\dev\glist\glistengine\engine\core\gGLFWWindow.cpp
C:\dev\glist\zbin\win64\mingw64\bin\g++.exe -DGlistEngine_EXPORTS @CMakeFiles/GlistEngine.dir/includes_CXX.rsp  -o CMakeFiles\GlistEngine.dir\C_\dev\glist\glistengine\engine\core\gCanvasManager.cpp.obj -c C:\dev\glist\glistengine\engine\core\gCanvasManager.cpp
C:\dev\glist\zbin\win64\mingw64\bin\g++.exe -DGlistEngine_EXPORTS @CMakeFiles/GlistEngine.dir/includes_CXX.rsp  -o CMakeFiles\GlistEngine.dir\C_\dev\glist\glistengine\engine\core\gAppManager.cpp.obj -c C:\dev\glist\glistengine\engine\core\gAppManager.cpp
C:\dev\glist\zbin\win64\CMake\bin\cmake.exe -E cmake_link_script CMakeFiles\GlistEngine.dir\link.txt --verbose=1
C:\dev\glist\zbin\win64\CMake\bin\cmake.exe -E rm -f CMakeFiles\GlistEngine.dir/objects.a
C:\dev\glist\zbin\win64\mingw64\bin\ar.exe cr CMakeFiles\GlistEngine.dir/objects.a @CMakeFiles\GlistEngine.dir\objects1.rsp
C:\dev\glist\zbin\win64\mingw64\bin\g++.exe  -v -Wl,--no-as-needed -Wl,--gc-sections -Wl,--unresolved-symbols=report-all -shared -o libGlistEngine.dll -Wl,--out-implib,libGlistEngine.dll.a -Wl,--major-image-version,0,--minor-image-version,0 -Wl,--whole-archive CMakeFiles\GlistEngine.dir/objects.a -Wl,--no-whole-archive @CMakeFiles\GlistEngine.dir\linklibs.rsp
Using built-in specs.
COLLECT_GCC=C:\dev\glist\zbin\win64\mingw64\bin\g++.exe
COLLECT_LTO_WRAPPER=C:/dev/glist/zbin/win64/mingw64/bin/../libexec/gcc/x86_64-w64-mingw32/8.1.0/lto-wrapper.exe
Target: x86_64-w64-mingw32
Configured with: ../../../src/gcc-8.1.0/configure --host=x86_64-w64-mingw32 --build=x86_64-w64-mingw32 --target=x86_64-w64-mingw32 --prefix=/mingw64 --with-sysroot=/c/mingw810/x86_64-810-posix-seh-rt_v6-rev0/mingw64 --enable-shared --enable-static --disable-multilib --enable-languages=c,c++,fortran,lto --enable-libstdcxx-time=yes --enable-threads=posix --enable-libgomp --enable-libatomic --enable-lto --enable-graphite --enable-checking=release --enable-fully-dynamic-string --enable-version-specific-runtime-libs --disable-libstdcxx-pch --disable-libstdcxx-debug --enable-bootstrap --disable-rpath --disable-win32-registry --disable-nls --disable-werror --disable-symvers --with-gnu-as --with-gnu-ld --with-arch=nocona --with-tune=core2 --with-libiconv --with-system-zlib --with-gmp=/c/mingw810/prerequisites/x86_64-w64-mingw32-static --with-mpfr=/c/mingw810/prerequisites/x86_64-w64-mingw32-static --with-mpc=/c/mingw810/prerequisites/x86_64-w64-mingw32-static --with-isl=/c/mingw810/prerequisites/x86_64-w64-mingw32-static --with-pkgversion='x86_64-posix-seh-rev0, Built by MinGW-W64 project' --with-bugurl=https://sourceforge.net/projects/mingw-w64 CFLAGS='-O2 -pipe -fno-ident -I/c/mingw810/x86_64-810-posix-seh-rt_v6-rev0/mingw64/opt/include -I/c/mingw810/prerequisites/x86_64-zlib-static/include -I/c/mingw810/prerequisites/x86_64-w64-mingw32-static/include' CXXFLAGS='-O2 -pipe -fno-ident -I/c/mingw810/x86_64-810-posix-seh-rt_v6-rev0/mingw64/opt/include -I/c/mingw810/prerequisites/x86_64-zlib-static/include -I/c/mingw810/prerequisites/x86_64-w64-mingw32-static/include' CPPFLAGS=' -I/c/mingw810/x86_64-810-posix-seh-rt_v6-rev0/mingw64/opt/include -I/c/mingw810/prerequisites/x86_64-zlib-static/include -I/c/mingw810/prerequisites/x86_64-w64-mingw32-static/include' LDFLAGS='-pipe -fno-ident -L/c/mingw810/x86_64-810-posix-seh-rt_v6-rev0/mingw64/opt/lib -L/c/mingw810/prerequisites/x86_64-zlib-static/lib -L/c/mingw810/prerequisites/x86_64-w64-mingw32-static/lib '
Thread model: posix
gcc version 8.1.0 (x86_64-posix-seh-rev0, Built by MinGW-W64 project) 
COMPILER_PATH=C:/dev/glist/zbin/win64/mingw64/bin/../libexec/gcc/x86_64-w64-mingw32/8.1.0/;C:/dev/glist/zbin/win64/mingw64/bin/../libexec/gcc/;C:/dev/glist/zbin/win64/mingw64/bin/../lib/gcc/x86_64-w64-mingw32/8.1.0/../../../../x86_64-w64-mingw32/bin/
LIBRARY_PATH=C:/dev/glist/zbin/win64/mingw64/bin/../lib/gcc/x86_64-w64-mingw32/8.1.0/;C:/dev/glist/zbin/win64/mingw64/bin/../lib/gcc/;C:/dev/glist/zbin/win64/mingw64/bin/../lib/gcc/x86_64-w64-mingw32/8.1.0/../../../../x86_64-w64-mingw32/lib/../lib/;C:/dev/glist/zbin/win64/mingw64/bin/../lib/gcc/x86_64-w64-mingw32/8.1.0/../../../../lib/;C:/dev/glist/zbin/win64/mingw64/bin/../lib/gcc/x86_64-w64-mingw32/8.1.0/../../../../x86_64-w64-mingw32/lib/;C:/dev/glist/zbin/win64/mingw64/bin/../lib/gcc/x86_64-w64-mingw32/8.1.0/../../../
COLLECT_GCC_OPTIONS='-v' '-shared' '-o' 'libGlistEngine.dll' '-shared-libgcc' '-mtune=core2' '-march=nocona'
 C:/dev/glist/zbin/win64/mingw64/bin/../libexec/gcc/x86_64-w64-mingw32/8.1.0/collect2.exe -plugin C:/dev/glist/zbin/win64/mingw64/bin/../libexec/gcc/x86_64-w64-mingw32/8.1.0/liblto_plugin-0.dll -plugin-opt=C:/dev/glist/zbin/win64/mingw64/bin/../libexec/gcc/x86_64-w64-mingw32/8.1.0/lto-wrapper.exe -plugin-opt=-fresolution=C:\Users\Acer\AppData\Local\Temp\ccDJMsZt.res -plugin-opt=-pass-through=-lmingw32 -plugin-opt=-pass-through=-lgcc_s -plugin-opt=-pass-through=-lgcc -plugin-opt=-pass-through=-lmoldname -plugin-opt=-pass-through=-lmingwex -plugin-opt=-pass-through=-lmsvcrt -plugin-opt=-pass-through=-lpthread -plugin-opt=-pass-through=-ladvapi32 -plugin-opt=-pass-through=-lshell32 -plugin-opt=-pass-through=-luser32 -plugin-opt=-pass-through=-lkernel32 -plugin-opt=-pass-through=-liconv -plugin-opt=-pass-through=-lmingw32 -plugin-opt=-pass-through=-lgcc_s -plugin-opt=-pass-through=-lgcc -plugin-opt=-pass-through=-lmoldname -plugin-opt=-pass-through=-lmingwex -plugin-opt=-pass-through=-lmsvcrt --sysroot=C:/mingw810/x86_64-810-posix-seh-rt_v6-rev0/mingw64 -m i386pep --shared -Bdynamic -e DllMainCRTStartup --enable-auto-image-base -o libGlistEngine.dll C:/dev/glist/zbin/win64/mingw64/bin/../lib/gcc/x86_64-w64-mingw32/8.1.0/../../../../x86_64-w64-mingw32/lib/../lib/dllcrt2.o C:/dev/glist/zbin/win64/mingw64/bin/../lib/gcc/x86_64-w64-mingw32/8.1.0/crtbegin.o -LC:/dev/glist/zbin/win64/mingw64/bin/../lib/gcc/x86_64-w64-mingw32/8.1.0 -LC:/dev/glist/zbin/win64/mingw64/bin/../lib/gcc -LC:/dev/glist/zbin/win64/mingw64/bin/../lib/gcc/x86_64-w64-mingw32/8.1.0/../../../../x86_64-w64-mingw32/lib/../lib -LC:/dev/glist/zbin/win64/mingw64/bin/../lib/gcc/x86_64-w64-mingw32/8.1.0/../../../../lib -LC:/dev/glist/zbin/win64/mingw64/bin/../lib/gcc/x86_64-w64-mingw32/8.1.0/../../../../x86_64-w64-mingw32/lib -LC:/dev/glist/zbin/win64/mingw64/bin/../lib/gcc/x86_64-w64-mingw32/8.1.0/../../.. @C:\Users\Acer\AppData\Local\Temp\ccuN2sFN -lmingw32 -lgcc_s -lgcc -lmoldname -lmingwex -lmsvcrt -lpthread -ladvapi32 -lshell32 -luser32 -lkernel32 -liconv -lmingw32 -lgcc_s -lgcc -lmoldname -lmingwex -lmsvcrt C:/dev/glist/zbin/win64/mingw64/bin/../lib/gcc/x86_64-w64-mingw32/8.1.0/crtend.o
COLLECT_GCC_OPTIONS='-v' '-shared' '-o' 'libGlistEngine.dll' '-shared-libgcc' '-mtune=core2' '-march=nocona'
mingw32-make[2]: Leaving directory 'C:/dev/glist/glistengine/samples/gisVbo/build/Release'
[ 88%] Built target GlistEngine
C:/dev/glist/zbin/win64/mingw64/bin/mingw32-make  -f CMakeFiles\gisVbo.dir\build.make CMakeFiles/gisVbo.dir/depend
mingw32-make[2]: Entering directory 'C:/dev/glist/glistengine/samples/gisVbo/build/Release'
C:\dev\glist\zbin\win64\CMake\bin\cmake.exe -E cmake_depends "MinGW Makefiles" C:\dev\glist\glistengine\samples\gisVbo C:\dev\glist\glistengine\samples\gisVbo C:\dev\glist\glistengine\samples\gisVbo\build\Release C:\dev\glist\glistengine\samples\gisVbo\build\Release C:\dev\glist\glistengine\samples\gisVbo\build\Release\CMakeFiles\gisVbo.dir\DependInfo.cmake --color=
Scanning dependencies of target gisVbo
mingw32-make[2]: Leaving directory 'C:/dev/glist/glistengine/samples/gisVbo/build/Release'
C:/dev/glist/zbin/win64/mingw64/bin/mingw32-make  -f CMakeFiles\gisVbo.dir\build.make CMakeFiles/gisVbo.dir/build
mingw32-make[2]: Entering directory 'C:/dev/glist/glistengine/samples/gisVbo/build/Release'
C:\dev\glist\zbin\win64\mingw64\bin\g++.exe  @CMakeFiles/gisVbo.dir/includes_CXX.rsp  -o CMakeFiles\gisVbo.dir\src\main.cpp.obj -c C:\dev\glist\glistengine\samples\gisVbo\src\main.cpp
C:\dev\glist\zbin\win64\mingw64\bin\g++.exe  @CMakeFiles/gisVbo.dir/includes_CXX.rsp  -o CMakeFiles\gisVbo.dir\src\gApp.cpp.obj -c C:\dev\glist\glistengine\samples\gisVbo\src\gApp.cpp
C:\dev\glist\zbin\win64\mingw64\bin\g++.exe  @CMakeFiles/gisVbo.dir/includes_CXX.rsp  -o CMakeFiles\gisVbo.dir\src\GameCanvas.cpp.obj -c C:\dev\glist\glistengine\samples\gisVbo\src\GameCanvas.cpp
C:\dev\glist\zbin\win64\CMake\bin\cmake.exe -E cmake_link_script CMakeFiles\gisVbo.dir\link.txt --verbose=1
C:\dev\glist\zbin\win64\CMake\bin\cmake.exe -E rm -f CMakeFiles\gisVbo.dir/objects.a
C:\dev\glist\zbin\win64\mingw64\bin\ar.exe cr CMakeFiles\gisVbo.dir/objects.a @CMakeFiles\gisVbo.dir\objects1.rsp
C:\dev\glist\zbin\win64\mingw64\bin\g++.exe -Wl,--whole-archive CMakeFiles\gisVbo.dir/objects.a -Wl,--no-whole-archive -o gisVbo.exe -Wl,--out-implib,libgisVbo.dll.a -Wl,--major-image-version,0,--minor-image-version,0 @CMakeFiles\gisVbo.dir\linklibs.rsp
mingw32-make[2]: Leaving directory 'C:/dev/glist/glistengine/samples/gisVbo/build/Release'
[100%] Built target gisVbo
mingw32-make[1]: Leaving directory 'C:/dev/glist/glistengine/samples/gisVbo/build/Release'
C:\dev\glist\zbin\win64\CMake\bin\cmake.exe -E cmake_progress_start C:\dev\glist\glistengine\samples\gisVbo\build\Release\CMakeFiles 0

14:39:29 Build Finished. 0 errors, 0 warnings. (took 48s.165ms)

